Flutter crash report; please file at https://github.com/flutter/flutter/issues.

## command

flutter run -d all

## exception

ProcessException: ProcessException: Process "/Users/i347933/AndroidStudioProjects/flutter_app/android/gradlew" exited abnormally:
Downloading https://services.gradle.org/distributions/gradle-4.10.2-all.zip


Exception in thread "main" java.net.UnknownHostException: services.gradle.org
	at java.net.AbstractPlainSocketImpl.connect(AbstractPlainSocketImpl.java:184)
	at java.net.SocksSocketImpl.connect(SocksSocketImpl.java:392)
	at java.net.Socket.connect(Socket.java:589)
	at sun.security.ssl.SSLSocketImpl.connect(SSLSocketImpl.java:673)
	at sun.security.ssl.BaseSSLSocketImpl.connect(BaseSSLSocketImpl.java:173)
	at sun.net.NetworkClient.doConnect(NetworkClient.java:180)
	at sun.net.www.http.HttpClient.openServer(HttpClient.java:432)
	at sun.net.www.http.HttpClient.openServer(HttpClient.java:527)
	at sun.net.www.protocol.https.HttpsClient.<init>(HttpsClient.java:264)
	at sun.net.www.protocol.https.HttpsClient.New(HttpsClient.java:367)
	at sun.net.www.protocol.https.AbstractDelegateHttpsURLConnection.getNewHttpClient(AbstractDelegateHttpsURLConnection.java:191)
	at sun.net.www.protocol.http.HttpURLConnection.plainConnect0(HttpURLConnection.java:1138)
	at sun.net.www.protocol.http.HttpURLConnection.plainConnect(HttpURLConnection.java:1032)
	at sun.net.www.protocol.https.AbstractDelegateHttpsURLConnection.connect(AbstractDelegateHttpsURLConnection.java:177)
	at sun.net.www.protocol.http.HttpURLConnection.getInputStream0(HttpURLConnection.java:1546)
	at sun.net.www.protocol.http.HttpURLConnection.getInputStream(HttpURLConnection.java:1474)
	at sun.net.www.protocol.https.HttpsURLConnectionImpl.getInputStream(HttpsURLConnectionImpl.java:254)
	at org.gradle.wrapper.Download.downloadInternal(Download.java:58)
	at org.gradle.wrapper.Download.download(Download.java:44)
	at org.gradle.wrapper.Install$1.call(Install.java:61)
	at org.gradle.wrapper.Install$1.call(Install.java:48)
	at org.gradle.wrapper.ExclusiveFileAccessManager.access(ExclusiveFileAccessManager.java:65)
	at org.gradle.wrapper.Install.createDist(Install.java:48)
	at org.gradle.wrapper.WrapperExecutor.execute(WrapperExecutor.java:128)
	at org.gradle.wrapper.GradleWrapperMain.main(GradleWrapperMain.java:61)
  Command: /Users/i347933/AndroidStudioProjects/flutter_app/android/gradlew -v

```
#0      runCheckedAsync (package:flutter_tools/src/base/process.dart:255:5)
<asynchronous suspension>
#1      _initializeGradle (package:flutter_tools/src/android/gradle.dart:221:9)
<asynchronous suspension>
#2      _ensureGradle (package:flutter_tools/src/android/gradle.dart:202:37)
<asynchronous suspension>
#3      _readGradleProject (package:flutter_tools/src/android/gradle.dart:130:31)
<asynchronous suspension>
#4      _gradleProject (package:flutter_tools/src/android/gradle.dart:107:34)
<asynchronous suspension>
#5      getGradleAppOut (package:flutter_tools/src/android/gradle.dart:101:29)
<asynchronous suspension>
#6      AndroidApk.fromAndroidProject (package:flutter_tools/src/application_package.dart:154:23)
<asynchronous suspension>
#7      ApplicationPackageFactory.getPackageForPlatform (package:flutter_tools/src/application_package.dart:46:32)
<asynchronous suspension>
#8      FlutterDevice.runHot (package:flutter_tools/src/resident_runner.dart:345:56)
<asynchronous suspension>
#9      HotRunner.run (package:flutter_tools/src/run_hot.dart:253:39)
<asynchronous suspension>
#10     RunCommand.runCommand (package:flutter_tools/src/commands/run.dart:430:37)
<asynchronous suspension>
#11     FlutterCommand.verifyThenRunCommand (package:flutter_tools/src/runner/flutter_command.dart:488:18)
#12     _asyncThenWrapperHelper.<anonymous closure> (dart:async-patch/async_patch.dart:77:64)
#13     _rootRunUnary (dart:async/zone.dart:1132:38)
#14     _CustomZone.runUnary (dart:async/zone.dart:1029:19)
#15     _FutureListener.handleValue (dart:async/future_impl.dart:126:18)
#16     Future._propagateToListeners.handleValueCallback (dart:async/future_impl.dart:639:45)
#17     Future._propagateToListeners (dart:async/future_impl.dart:668:32)
#18     Future._complete (dart:async/future_impl.dart:473:7)
#19     _SyncCompleter.complete (dart:async/future_impl.dart:51:12)
#20     _AsyncAwaitCompleter.complete (dart:async-patch/async_patch.dart:28:18)
#21     _completeOnAsyncReturn (dart:async-patch/async_patch.dart:294:13)
#22     RunCommand.usageValues (package:flutter_tools/src/commands/run.dart)
#23     _asyncThenWrapperHelper.<anonymous closure> (dart:async-patch/async_patch.dart:77:64)
#24     _rootRunUnary (dart:async/zone.dart:1132:38)
#25     _CustomZone.runUnary (dart:async/zone.dart:1029:19)
#26     _FutureListener.handleValue (dart:async/future_impl.dart:126:18)
#27     Future._propagateToListeners.handleValueCallback (dart:async/future_impl.dart:639:45)
#28     Future._propagateToListeners (dart:async/future_impl.dart:668:32)
#29     Future._complete (dart:async/future_impl.dart:473:7)
#30     _SyncCompleter.complete (dart:async/future_impl.dart:51:12)
#31     _AsyncAwaitCompleter.complete (dart:async-patch/async_patch.dart:28:18)
#32     _completeOnAsyncReturn (dart:async-patch/async_patch.dart:294:13)
#33     AndroidDevice.isLocalEmulator (package:flutter_tools/src/android/android_device.dart)
#34     _asyncThenWrapperHelper.<anonymous closure> (dart:async-patch/async_patch.dart:77:64)
#35     _rootRunUnary (dart:async/zone.dart:1132:38)
#36     _CustomZone.runUnary (dart:async/zone.dart:1029:19)
#37     _FutureListener.handleValue (dart:async/future_impl.dart:126:18)
#38     Future._propagateToListeners.handleValueCallback (dart:async/future_impl.dart:639:45)
#39     Future._propagateToListeners (dart:async/future_impl.dart:668:32)
#40     Future._complete (dart:async/future_impl.dart:473:7)
#41     _SyncCompleter.complete (dart:async/future_impl.dart:51:12)
#42     _AsyncAwaitCompleter.complete.<anonymous closure> (dart:async-patch/async_patch.dart:33:20)
#43     _rootRun (dart:async/zone.dart:1124:13)
#44     _CustomZone.run (dart:async/zone.dart:1021:19)
#45     _CustomZone.bindCallback.<anonymous closure> (dart:async/zone.dart:947:23)
#46     _microtaskLoop (dart:async/schedule_microtask.dart:41:21)
#47     _startMicrotaskLoop (dart:async/schedule_microtask.dart:50:5)
#48     _runPendingImmediateCallback (dart:isolate-patch/isolate_patch.dart:115:13)
#49     _RawReceivePortImpl._handleMessage (dart:isolate-patch/isolate_patch.dart:172:5)
```

## flutter doctor

```
[32m[✓][39m Flutter (Channel dev, v1.6.0, on Mac OS X 10.14.4 18E227, locale zh-Hans-CN)
    [32m•[39m Flutter version 1.6.0 at /Users/i347933/flutter
    [32m•[39m Framework revision ed90d05596 (8 days ago), 2019-05-14 17:09:29 -0700
    [32m•[39m Engine revision 832cdacc6f
    [32m•[39m Dart version 2.3.1 (build 2.3.1-dev.0.0 a0290f823c)

[32m[✓][39m Android toolchain - develop for Android devices (Android SDK version 28.0.3)
    [32m•[39m Android SDK at /Users/i347933/Library/Android/sdk
    [32m•[39m Android NDK location not configured (optional; useful for native profiling support)
    [32m•[39m Platform android-28, build-tools 28.0.3
    [32m•[39m Java binary at: /Applications/Android Studio.app/Contents/jre/jdk/Contents/Home/bin/java
    [32m•[39m Java version OpenJDK Runtime Environment (build 1.8.0_152-release-1343-b01)
    [32m•[39m All Android licenses accepted.

[32m[✓][39m iOS toolchain - develop for iOS devices (Xcode 10.2.1)
    [32m•[39m Xcode at /Applications/Xcode.app/Contents/Developer
    [32m•[39m Xcode 10.2.1, Build version 10E1001
    [32m•[39m ios-deploy 1.9.4
    [32m•[39m CocoaPods version 1.6.1

[32m[✓][39m Android Studio (version 3.4)
    [32m•[39m Android Studio at /Applications/Android Studio.app/Contents
    [32m•[39m Flutter plugin version 35.3.1
    [32m•[39m Dart plugin version 183.6270
    [32m•[39m Java version OpenJDK Runtime Environment (build 1.8.0_152-release-1343-b01)

[32m[✓][39m Connected device (2 available)
    [32m•[39m Android SDK built for x86 • emulator-5554                        • android-x86 • Android 10
      (API 28) (emulator)
    [32m•[39m iPhone Xʀ                 • 9A392AD7-97DC-4431-B6ED-64084AA65344 • ios         •
      com.apple.CoreSimulator.SimRuntime.iOS-12-2 (simulator)

[32m•[39m No issues found!
```
